This is pdfTeX, Version 3.14159265-2.6-1.40.20 (MiKTeX 2.9.7250 64-bit) (preloaded format=pdflatex 2019.11.24)  17 JUL 2020 16:38
entering extended mode
**./index.tex
(index.tex
LaTeX2e <2019-10-01> patch level 3
("C:\Program Files\MiKTeX 2.9\tex/latex/base\article.cls"
Document Class: article 2019/10/25 v1.4k Standard LaTeX document class
("C:\Program Files\MiKTeX 2.9\tex/latex/base\size10.clo"
File: size10.clo 2019/10/25 v1.4k Standard LaTeX file (size option)
)
\c@part=\count80
\c@section=\count81
\c@subsection=\count82
\c@subsubsection=\count83
\c@paragraph=\count84
\c@subparagraph=\count85
\c@figure=\count86
\c@table=\count87
\abovecaptionskip=\skip41
\belowcaptionskip=\skip42
\bibindent=\dimen102
)
("C:\Program Files\MiKTeX 2.9\tex/latex/lm\lmodern.sty"
Package: lmodern 2009/10/30 v1.6 Latin Modern Fonts
LaTeX Font Info:    Overwriting symbol font `operators' in version `normal'
(Font)                  OT1/cmr/m/n --> OT1/lmr/m/n on input line 22.
LaTeX Font Info:    Overwriting symbol font `letters' in version `normal'
(Font)                  OML/cmm/m/it --> OML/lmm/m/it on input line 23.
LaTeX Font Info:    Overwriting symbol font `symbols' in version `normal'
(Font)                  OMS/cmsy/m/n --> OMS/lmsy/m/n on input line 24.
LaTeX Font Info:    Overwriting symbol font `largesymbols' in version `normal'
(Font)                  OMX/cmex/m/n --> OMX/lmex/m/n on input line 25.
LaTeX Font Info:    Overwriting symbol font `operators' in version `bold'
(Font)                  OT1/cmr/bx/n --> OT1/lmr/bx/n on input line 26.
LaTeX Font Info:    Overwriting symbol font `letters' in version `bold'
(Font)                  OML/cmm/b/it --> OML/lmm/b/it on input line 27.
LaTeX Font Info:    Overwriting symbol font `symbols' in version `bold'
(Font)                  OMS/cmsy/b/n --> OMS/lmsy/b/n on input line 28.
LaTeX Font Info:    Overwriting symbol font `largesymbols' in version `bold'
(Font)                  OMX/cmex/m/n --> OMX/lmex/m/n on input line 29.
LaTeX Font Info:    Overwriting math alphabet `\mathbf' in version `normal'
(Font)                  OT1/cmr/bx/n --> OT1/lmr/bx/n on input line 31.
LaTeX Font Info:    Overwriting math alphabet `\mathsf' in version `normal'
(Font)                  OT1/cmss/m/n --> OT1/lmss/m/n on input line 32.
LaTeX Font Info:    Overwriting math alphabet `\mathit' in version `normal'
(Font)                  OT1/cmr/m/it --> OT1/lmr/m/it on input line 33.
LaTeX Font Info:    Overwriting math alphabet `\mathtt' in version `normal'
(Font)                  OT1/cmtt/m/n --> OT1/lmtt/m/n on input line 34.
LaTeX Font Info:    Overwriting math alphabet `\mathbf' in version `bold'
(Font)                  OT1/cmr/bx/n --> OT1/lmr/bx/n on input line 35.
LaTeX Font Info:    Overwriting math alphabet `\mathsf' in version `bold'
(Font)                  OT1/cmss/bx/n --> OT1/lmss/bx/n on input line 36.
LaTeX Font Info:    Overwriting math alphabet `\mathit' in version `bold'
(Font)                  OT1/cmr/bx/it --> OT1/lmr/bx/it on input line 37.
LaTeX Font Info:    Overwriting math alphabet `\mathtt' in version `bold'
(Font)                  OT1/cmtt/m/n --> OT1/lmtt/m/n on input line 38.
)
("C:\Program Files\MiKTeX 2.9\tex/latex/amsfonts\amssymb.sty"
Package: amssymb 2013/01/14 v3.01 AMS font symbols

("C:\Program Files\MiKTeX 2.9\tex/latex/amsfonts\amsfonts.sty"
Package: amsfonts 2013/01/14 v3.01 Basic AMSFonts support
\@emptytoks=\toks14
\symAMSa=\mathgroup4
\symAMSb=\mathgroup5
LaTeX Font Info:    Redeclaring math symbol \hbar on input line 98.
LaTeX Font Info:    Overwriting math alphabet `\mathfrak' in version `bold'
(Font)                  U/euf/m/n --> U/euf/b/n on input line 106.
))
("C:\Program Files\MiKTeX 2.9\tex/latex/amsmath\amsmath.sty"
Package: amsmath 2019/11/16 v2.17d AMS math features
\@mathmargin=\skip43

For additional information on amsmath, use the `?' option.
("C:\Program Files\MiKTeX 2.9\tex/latex/amsmath\amstext.sty"
Package: amstext 2000/06/29 v2.01 AMS text

("C:\Program Files\MiKTeX 2.9\tex/latex/amsmath\amsgen.sty"
File: amsgen.sty 1999/11/30 v2.0 generic functions
\@emptytoks=\toks15
\ex@=\dimen103
))
("C:\Program Files\MiKTeX 2.9\tex/latex/amsmath\amsbsy.sty"
Package: amsbsy 1999/11/29 v1.2d Bold Symbols
\pmbraise@=\dimen104
)
("C:\Program Files\MiKTeX 2.9\tex/latex/amsmath\amsopn.sty"
Package: amsopn 2016/03/08 v2.02 operator names
)
\inf@bad=\count88
LaTeX Info: Redefining \frac on input line 227.
\uproot@=\count89
\leftroot@=\count90
LaTeX Info: Redefining \overline on input line 389.
\classnum@=\count91
\DOTSCASE@=\count92
LaTeX Info: Redefining \ldots on input line 486.
LaTeX Info: Redefining \dots on input line 489.
LaTeX Info: Redefining \cdots on input line 610.
\Mathstrutbox@=\box27
\strutbox@=\box28
\big@size=\dimen105
LaTeX Font Info:    Redeclaring font encoding OML on input line 733.
LaTeX Font Info:    Redeclaring font encoding OMS on input line 734.
\macc@depth=\count93
\c@MaxMatrixCols=\count94
\dotsspace@=\muskip10
\c@parentequation=\count95
\dspbrk@lvl=\count96
\tag@help=\toks16
\row@=\count97
\column@=\count98
\maxfields@=\count99
\andhelp@=\toks17
\eqnshift@=\dimen106
\alignsep@=\dimen107
\tagshift@=\dimen108
\tagwidth@=\dimen109
\totwidth@=\dimen110
\lineht@=\dimen111
\@envbody=\toks18
\multlinegap=\skip44
\multlinetaggap=\skip45
\mathdisplay@stack=\toks19
LaTeX Info: Redefining \[ on input line 2858.
LaTeX Info: Redefining \] on input line 2859.
)
("C:\Program Files\MiKTeX 2.9\tex/generic/iftex\ifxetex.sty"
Package: ifxetex 2019/10/25 v0.7 ifxetex legacy package. Use iftex instead.

("C:\Program Files\MiKTeX 2.9\tex/generic/iftex\iftex.sty"
Package: iftex 2019/11/07 v1.0c TeX engine tests
))
("C:\Program Files\MiKTeX 2.9\tex/generic/iftex\ifluatex.sty"
Package: ifluatex 2019/10/25 v1.5 ifluatex legacy package. Use iftex instead.
)
("C:\Program Files\MiKTeX 2.9\tex/latex/base\fontenc.sty"
Package: fontenc 2018/08/11 v2.0j Standard LaTeX package

("C:\Program Files\MiKTeX 2.9\tex/latex/base\t1enc.def"
File: t1enc.def 2018/08/11 v2.0j Standard LaTeX file
LaTeX Font Info:    Redeclaring font encoding T1 on input line 48.
))
("C:\Program Files\MiKTeX 2.9\tex/latex/base\inputenc.sty"
Package: inputenc 2018/08/11 v1.3c Input encoding file
\inpenc@prehook=\toks20
\inpenc@posthook=\toks21
)
("C:\Program Files\MiKTeX 2.9\tex/latex/base\textcomp.sty"
Package: textcomp 2018/08/11 v2.0j Standard LaTeX package
Package textcomp Info: Sub-encoding information:
(textcomp)               5 = only ISO-Adobe without \textcurrency
(textcomp)               4 = 5 + \texteuro
(textcomp)               3 = 4 + \textohm
(textcomp)               2 = 3 + \textestimated + \textcurrency
(textcomp)               1 = TS1 - \textcircled - \t
(textcomp)               0 = TS1 (full)
(textcomp)             Font families with sub-encoding setting implement
(textcomp)             only a restricted character set as indicated.
(textcomp)             Family '?' is the default used for unknown fonts.
(textcomp)             See the documentation for details.
Package textcomp Info: Setting ? sub-encoding to TS1/1 on input line 79.

("C:\Program Files\MiKTeX 2.9\tex/latex/base\ts1enc.def"
File: ts1enc.def 2001/06/05 v3.0e (jk/car/fm) Standard LaTeX file
Now handling font encoding TS1 ...
... processing UTF-8 mapping file for font encoding TS1

("C:\Program Files\MiKTeX 2.9\tex/latex/base\ts1enc.dfu"
File: ts1enc.dfu 2019/07/11 v1.2j UTF-8 support for inputenc
   defining Unicode char U+00A2 (decimal 162)
   defining Unicode char U+00A3 (decimal 163)
   defining Unicode char U+00A4 (decimal 164)
   defining Unicode char U+00A5 (decimal 165)
   defining Unicode char U+00A6 (decimal 166)
   defining Unicode char U+00A7 (decimal 167)
   defining Unicode char U+00A8 (decimal 168)
   defining Unicode char U+00A9 (decimal 169)
   defining Unicode char U+00AA (decimal 170)
   defining Unicode char U+00AC (decimal 172)
   defining Unicode char U+00AE (decimal 174)
   defining Unicode char U+00AF (decimal 175)
   defining Unicode char U+00B0 (decimal 176)
   defining Unicode char U+00B1 (decimal 177)
   defining Unicode char U+00B2 (decimal 178)
   defining Unicode char U+00B3 (decimal 179)
   defining Unicode char U+00B4 (decimal 180)
   defining Unicode char U+00B5 (decimal 181)
   defining Unicode char U+00B6 (decimal 182)
   defining Unicode char U+00B7 (decimal 183)
   defining Unicode char U+00B9 (decimal 185)
   defining Unicode char U+00BA (decimal 186)
   defining Unicode char U+00BC (decimal 188)
   defining Unicode char U+00BD (decimal 189)
   defining Unicode char U+00BE (decimal 190)
   defining Unicode char U+00D7 (decimal 215)
   defining Unicode char U+00F7 (decimal 247)
   defining Unicode char U+0192 (decimal 402)
   defining Unicode char U+02C7 (decimal 711)
   defining Unicode char U+02D8 (decimal 728)
   defining Unicode char U+02DD (decimal 733)
   defining Unicode char U+0E3F (decimal 3647)
   defining Unicode char U+2016 (decimal 8214)
   defining Unicode char U+2020 (decimal 8224)
   defining Unicode char U+2021 (decimal 8225)
   defining Unicode char U+2022 (decimal 8226)
   defining Unicode char U+2030 (decimal 8240)
   defining Unicode char U+2031 (decimal 8241)
   defining Unicode char U+203B (decimal 8251)
   defining Unicode char U+203D (decimal 8253)
   defining Unicode char U+2044 (decimal 8260)
   defining Unicode char U+204E (decimal 8270)
   defining Unicode char U+2052 (decimal 8274)
   defining Unicode char U+20A1 (decimal 8353)
   defining Unicode char U+20A4 (decimal 8356)
   defining Unicode char U+20A6 (decimal 8358)
   defining Unicode char U+20A9 (decimal 8361)
   defining Unicode char U+20AB (decimal 8363)
   defining Unicode char U+20AC (decimal 8364)
   defining Unicode char U+20B1 (decimal 8369)
   defining Unicode char U+2103 (decimal 8451)
   defining Unicode char U+2116 (decimal 8470)
   defining Unicode char U+2117 (decimal 8471)
   defining Unicode char U+211E (decimal 8478)
   defining Unicode char U+2120 (decimal 8480)
   defining Unicode char U+2122 (decimal 8482)
   defining Unicode char U+2126 (decimal 8486)
   defining Unicode char U+2127 (decimal 8487)
   defining Unicode char U+212E (decimal 8494)
   defining Unicode char U+2190 (decimal 8592)
   defining Unicode char U+2191 (decimal 8593)
   defining Unicode char U+2192 (decimal 8594)
   defining Unicode char U+2193 (decimal 8595)
   defining Unicode char U+2329 (decimal 9001)
   defining Unicode char U+232A (decimal 9002)
   defining Unicode char U+2422 (decimal 9250)
   defining Unicode char U+25E6 (decimal 9702)
   defining Unicode char U+25EF (decimal 9711)
   defining Unicode char U+266A (decimal 9834)
   defining Unicode char U+27E8 (decimal 10216)
   defining Unicode char U+27E9 (decimal 10217)
   defining Unicode char U+FEFF (decimal 65279)
))
LaTeX Info: Redefining \oldstylenums on input line 334.
Package textcomp Info: Setting cmr sub-encoding to TS1/0 on input line 349.
Package textcomp Info: Setting cmss sub-encoding to TS1/0 on input line 350.
Package textcomp Info: Setting cmtt sub-encoding to TS1/0 on input line 351.
Package textcomp Info: Setting cmvtt sub-encoding to TS1/0 on input line 352.
Package textcomp Info: Setting cmbr sub-encoding to TS1/0 on input line 353.
Package textcomp Info: Setting cmtl sub-encoding to TS1/0 on input line 354.
Package textcomp Info: Setting ccr sub-encoding to TS1/0 on input line 355.
Package textcomp Info: Setting ptm sub-encoding to TS1/4 on input line 356.
Package textcomp Info: Setting pcr sub-encoding to TS1/4 on input line 357.
Package textcomp Info: Setting phv sub-encoding to TS1/4 on input line 358.
Package textcomp Info: Setting ppl sub-encoding to TS1/3 on input line 359.
Package textcomp Info: Setting pag sub-encoding to TS1/4 on input line 360.
Package textcomp Info: Setting pbk sub-encoding to TS1/4 on input line 361.
Package textcomp Info: Setting pnc sub-encoding to TS1/4 on input line 362.
Package textcomp Info: Setting pzc sub-encoding to TS1/4 on input line 363.
Package textcomp Info: Setting bch sub-encoding to TS1/4 on input line 364.
Package textcomp Info: Setting put sub-encoding to TS1/5 on input line 365.
Package textcomp Info: Setting uag sub-encoding to TS1/5 on input line 366.
Package textcomp Info: Setting ugq sub-encoding to TS1/5 on input line 367.
Package textcomp Info: Setting ul8 sub-encoding to TS1/4 on input line 368.
Package textcomp Info: Setting ul9 sub-encoding to TS1/4 on input line 369.
Package textcomp Info: Setting augie sub-encoding to TS1/5 on input line 370.
Package textcomp Info: Setting dayrom sub-encoding to TS1/3 on input line 371.
Package textcomp Info: Setting dayroms sub-encoding to TS1/3 on input line 372.

Package textcomp Info: Setting pxr sub-encoding to TS1/0 on input line 373.
Package textcomp Info: Setting pxss sub-encoding to TS1/0 on input line 374.
Package textcomp Info: Setting pxtt sub-encoding to TS1/0 on input line 375.
Package textcomp Info: Setting txr sub-encoding to TS1/0 on input line 376.
Package textcomp Info: Setting txss sub-encoding to TS1/0 on input line 377.
Package textcomp Info: Setting txtt sub-encoding to TS1/0 on input line 378.
Package textcomp Info: Setting lmr sub-encoding to TS1/0 on input line 379.
Package textcomp Info: Setting lmdh sub-encoding to TS1/0 on input line 380.
Package textcomp Info: Setting lmss sub-encoding to TS1/0 on input line 381.
Package textcomp Info: Setting lmssq sub-encoding to TS1/0 on input line 382.
Package textcomp Info: Setting lmvtt sub-encoding to TS1/0 on input line 383.
Package textcomp Info: Setting lmtt sub-encoding to TS1/0 on input line 384.
Package textcomp Info: Setting qhv sub-encoding to TS1/0 on input line 385.
Package textcomp Info: Setting qag sub-encoding to TS1/0 on input line 386.
Package textcomp Info: Setting qbk sub-encoding to TS1/0 on input line 387.
Package textcomp Info: Setting qcr sub-encoding to TS1/0 on input line 388.
Package textcomp Info: Setting qcs sub-encoding to TS1/0 on input line 389.
Package textcomp Info: Setting qpl sub-encoding to TS1/0 on input line 390.
Package textcomp Info: Setting qtm sub-encoding to TS1/0 on input line 391.
Package textcomp Info: Setting qzc sub-encoding to TS1/0 on input line 392.
Package textcomp Info: Setting qhvc sub-encoding to TS1/0 on input line 393.
Package textcomp Info: Setting futs sub-encoding to TS1/4 on input line 394.
Package textcomp Info: Setting futx sub-encoding to TS1/4 on input line 395.
Package textcomp Info: Setting futj sub-encoding to TS1/4 on input line 396.
Package textcomp Info: Setting hlh sub-encoding to TS1/3 on input line 397.
Package textcomp Info: Setting hls sub-encoding to TS1/3 on input line 398.
Package textcomp Info: Setting hlst sub-encoding to TS1/3 on input line 399.
Package textcomp Info: Setting hlct sub-encoding to TS1/5 on input line 400.
Package textcomp Info: Setting hlx sub-encoding to TS1/5 on input line 401.
Package textcomp Info: Setting hlce sub-encoding to TS1/5 on input line 402.
Package textcomp Info: Setting hlcn sub-encoding to TS1/5 on input line 403.
Package textcomp Info: Setting hlcw sub-encoding to TS1/5 on input line 404.
Package textcomp Info: Setting hlcf sub-encoding to TS1/5 on input line 405.
Package textcomp Info: Setting pplx sub-encoding to TS1/3 on input line 406.
Package textcomp Info: Setting pplj sub-encoding to TS1/3 on input line 407.
Package textcomp Info: Setting ptmx sub-encoding to TS1/4 on input line 408.
Package textcomp Info: Setting ptmj sub-encoding to TS1/4 on input line 409.
)
(C:\Users\Charlie\AppData\Roaming\MiKTeX\2.9\tex/latex/upquote\upquote.sty
Package: upquote 2012/04/19 v1.3 upright-quote and grave-accent glyphs in verba
tim
)
(C:\Users\Charlie\AppData\Roaming\MiKTeX\2.9\tex/latex/microtype\microtype.sty
Package: microtype 2019/11/18 v2.7d Micro-typographical refinements (RS)

("C:\Program Files\MiKTeX 2.9\tex/latex/graphics\keyval.sty"
Package: keyval 2014/10/28 v1.15 key=value parser (DPC)
\KV@toks@=\toks22
)
\MT@toks=\toks23
\MT@count=\count100
LaTeX Info: Redefining \textls on input line 790.
\MT@outer@kern=\dimen112
LaTeX Info: Redefining \textmicrotypecontext on input line 1354.
\MT@listname@count=\count101

(C:\Users\Charlie\AppData\Roaming\MiKTeX\2.9\tex/latex/microtype\microtype-pdft
ex.def
File: microtype-pdftex.def 2019/11/18 v2.7d Definitions specific to pdftex (RS)

LaTeX Info: Redefining \lsstyle on input line 914.
LaTeX Info: Redefining \lslig on input line 914.
\MT@outer@space=\skip46
)
Package microtype Info: Loading configuration file microtype.cfg.

(C:\Users\Charlie\AppData\Roaming\MiKTeX\2.9\tex/latex/microtype\microtype.cfg
File: microtype.cfg 2019/11/18 v2.7d microtype main configuration file (RS)
)) (C:\Users\Charlie\AppData\Roaming\MiKTeX\2.9\tex/latex/parskip\parskip.sty
Package: parskip 2019-01-16 v2.0c non-zero parskip adjustments

("C:\Program Files\MiKTeX 2.9\tex/latex/oberdiek\kvoptions.sty"
Package: kvoptions 2016/05/16 v3.12 Key value format for package options (HO)

("C:\Program Files\MiKTeX 2.9\tex/generic/oberdiek\ltxcmds.sty"
Package: ltxcmds 2016/05/16 v1.23 LaTeX kernel commands for general use (HO)
)
("C:\Program Files\MiKTeX 2.9\tex/generic/oberdiek\kvsetkeys.sty"
Package: kvsetkeys 2016/05/16 v1.17 Key value parser (HO)

("C:\Program Files\MiKTeX 2.9\tex/generic/oberdiek\infwarerr.sty"
Package: infwarerr 2016/05/16 v1.4 Providing info/warning/error messages (HO)
)
("C:\Program Files\MiKTeX 2.9\tex/generic/oberdiek\etexcmds.sty"
Package: etexcmds 2016/05/16 v1.6 Avoid name clashes with e-TeX commands (HO)
)))
(C:\Users\Charlie\AppData\Roaming\MiKTeX\2.9\tex/latex/etoolbox\etoolbox.sty
Package: etoolbox 2019/09/21 v2.5h e-TeX tools for LaTeX (JAW)
\etb@tempcnta=\count102
))
(C:\Users\Charlie\AppData\Roaming\MiKTeX\2.9\tex/latex/xcolor\xcolor.sty
Package: xcolor 2016/05/11 v2.12 LaTeX color extensions (UK)

("C:\Program Files\MiKTeX 2.9\tex/latex/graphics-cfg\color.cfg"
File: color.cfg 2016/01/02 v1.6 sample color configuration
)
Package xcolor Info: Driver file: pdftex.def on input line 225.

("C:\Program Files\MiKTeX 2.9\tex/latex/graphics-def\pdftex.def"
File: pdftex.def 2018/01/08 v1.0l Graphics/color driver for pdftex
)
Package xcolor Info: Model `cmy' substituted by `cmy0' on input line 1348.
Package xcolor Info: Model `hsb' substituted by `rgb' on input line 1352.
Package xcolor Info: Model `RGB' extended on input line 1364.
Package xcolor Info: Model `HTML' substituted by `rgb' on input line 1366.
Package xcolor Info: Model `Hsb' substituted by `hsb' on input line 1367.
Package xcolor Info: Model `tHsb' substituted by `hsb' on input line 1368.
Package xcolor Info: Model `HSB' substituted by `hsb' on input line 1369.
Package xcolor Info: Model `Gray' substituted by `gray' on input line 1370.
Package xcolor Info: Model `wave' substituted by `hsb' on input line 1371.
)
(C:\Users\Charlie\AppData\Roaming\MiKTeX\2.9\tex/latex/xurl\xurl.sty
Package: xurl 2020/01/24 v 0.09 modify URL breaks

(C:\Users\Charlie\AppData\Roaming\MiKTeX\2.9\tex/latex/url\url.sty
\Urlmuskip=\muskip11
Package: url 2013/09/16  ver 3.4  Verb mode for urls, etc.
))
("C:\Program Files\MiKTeX 2.9\tex/latex/oberdiek\bookmark.sty"
Package: bookmark 2019/06/04 v1.27 PDF bookmarks (HO)

("C:\Program Files\MiKTeX 2.9\tex/generic/oberdiek\pdfescape.sty"
Package: pdfescape 2016/05/16 v1.14 Implements pdfTeX's escape features (HO)

("C:\Program Files\MiKTeX 2.9\tex/generic/oberdiek\pdftexcmds.sty"
Package: pdftexcmds 2019/07/25 v0.30 Utility functions of pdfTeX for LuaTeX (HO
)

("C:\Program Files\MiKTeX 2.9\tex/generic/iftex\ifpdf.sty"
Package: ifpdf 2019/10/25 v3.4 ifpdf legacy package. Use iftex instead.
)
Package pdftexcmds Info: LuaTeX not detected.
Package pdftexcmds Info: \pdf@primitive is available.
Package pdftexcmds Info: \pdf@ifprimitive is available.
Package pdftexcmds Info: \pdfdraftmode found.
))
("C:\Program Files\MiKTeX 2.9\tex/generic/iftex\ifvtex.sty"
Package: ifvtex 2019/10/25 v1.7 ifvtex legacy package. Use iftex instead.
)
("C:\Program Files\MiKTeX 2.9\tex/latex/hyperref\hyperref.sty"
Package: hyperref 2019/11/10 v7.00c Hypertext links for LaTeX

("C:\Program Files\MiKTeX 2.9\tex/generic/oberdiek\kvdefinekeys.sty"
Package: kvdefinekeys 2016/05/16 v1.4 Define keys (HO)
)
("C:\Program Files\MiKTeX 2.9\tex/latex/oberdiek\hycolor.sty"
Package: hycolor 2016/05/16 v1.8 Color options for hyperref/bookmark (HO)

("C:\Program Files\MiKTeX 2.9\tex/latex/oberdiek\xcolor-patch.sty"
Package: xcolor-patch 2016/05/16 xcolor patch

("C:\Program Files\MiKTeX 2.9\tex/latex/oberdiek\hopatch.sty"
Package: hopatch 2016/05/16 v1.3 Wrapper for package hooks (HO)
)))
("C:\Program Files\MiKTeX 2.9\tex/latex/oberdiek\letltxmacro.sty"
Package: letltxmacro 2016/05/16 v1.5 Let assignment for LaTeX macros (HO)
)
("C:\Program Files\MiKTeX 2.9\tex/latex/oberdiek\auxhook.sty"
Package: auxhook 2016/05/16 v1.4 Hooks for auxiliary files (HO)
)
\@linkdim=\dimen113
\Hy@linkcounter=\count103
\Hy@pagecounter=\count104

("C:\Program Files\MiKTeX 2.9\tex/latex/hyperref\pd1enc.def"
File: pd1enc.def 2019/11/10 v7.00c Hyperref: PDFDocEncoding definition (HO)
Now handling font encoding PD1 ...
... no UTF-8 mapping file for font encoding PD1
)
("C:\Program Files\MiKTeX 2.9\tex/generic/oberdiek\intcalc.sty"
Package: intcalc 2016/05/16 v1.2 Expandable calculations with integers (HO)
)
\Hy@SavedSpaceFactor=\count105

("C:\Program Files\MiKTeX 2.9\tex/latex/00miktex\hyperref.cfg"
File: hyperref.cfg 2002/06/06 v1.2 hyperref configuration of TeXLive
)
Package hyperref Info: Option `unicode' set `true' on input line 4409.

("C:\Program Files\MiKTeX 2.9\tex/latex/hyperref\puenc.def"
File: puenc.def 2019/11/10 v7.00c Hyperref: PDF Unicode definition (HO)
Now handling font encoding PU ...
... no UTF-8 mapping file for font encoding PU
)
Package hyperref Info: Hyper figures OFF on input line 4535.
Package hyperref Info: Link nesting OFF on input line 4540.
Package hyperref Info: Hyper index ON on input line 4543.
Package hyperref Info: Plain pages OFF on input line 4550.
Package hyperref Info: Backreferencing OFF on input line 4555.
Package hyperref Info: Implicit mode ON; LaTeX internals redefined.
Package hyperref Info: Bookmarks ON on input line 4788.
\c@Hy@tempcnt=\count106
LaTeX Info: Redefining \url on input line 5147.
\XeTeXLinkMargin=\dimen114

("C:\Program Files\MiKTeX 2.9\tex/generic/oberdiek\bitset.sty"
Package: bitset 2016/05/16 v1.2 Handle bit-vector datatype (HO)

("C:\Program Files\MiKTeX 2.9\tex/generic/oberdiek\bigintcalc.sty"
Package: bigintcalc 2016/05/16 v1.4 Expandable calculations on big integers (HO
)
))
\Fld@menulength=\count107
\Field@Width=\dimen115
\Fld@charsize=\dimen116
Package hyperref Info: Hyper figures OFF on input line 6418.
Package hyperref Info: Link nesting OFF on input line 6423.
Package hyperref Info: Hyper index ON on input line 6426.
Package hyperref Info: backreferencing OFF on input line 6433.
Package hyperref Info: Link coloring OFF on input line 6438.
Package hyperref Info: Link coloring with OCG OFF on input line 6443.
Package hyperref Info: PDF/A mode OFF on input line 6448.
LaTeX Info: Redefining \ref on input line 6488.
LaTeX Info: Redefining \pageref on input line 6492.

("C:\Program Files\MiKTeX 2.9\tex/generic/oberdiek\atbegshi.sty"
Package: atbegshi 2016/06/09 v1.18 At begin shipout hook (HO)
)
\Hy@abspage=\count108
\c@Item=\count109
\c@Hfootnote=\count110
)
Package hyperref Info: Driver (autodetected): hpdftex.

("C:\Program Files\MiKTeX 2.9\tex/latex/hyperref\hpdftex.def"
File: hpdftex.def 2019/11/10 v7.00c Hyperref driver for pdfTeX

("C:\Program Files\MiKTeX 2.9\tex/latex/oberdiek\atveryend.sty"
Package: atveryend 2016/05/16 v1.9 Hooks at the very end of document (HO)
)
\Fld@listcount=\count111
\c@bookmark@seq@number=\count112

("C:\Program Files\MiKTeX 2.9\tex/latex/oberdiek\rerunfilecheck.sty"
Package: rerunfilecheck 2016/05/16 v1.8 Rerun checks for auxiliary files (HO)

("C:\Program Files\MiKTeX 2.9\tex/generic/oberdiek\uniquecounter.sty"
Package: uniquecounter 2016/05/16 v1.3 Provide unlimited unique counter (HO)
)
Package uniquecounter Info: New unique counter `rerunfilecheck' on input line 2
85.
)
\Hy@SectionHShift=\skip47
)
("C:\Program Files\MiKTeX 2.9\tex/latex/oberdiek\bkm-pdftex.def"
File: bkm-pdftex.def 2019/06/04 v1.27 bookmark driver for pdfTeX (HO)
\BKM@id=\count113
))
("C:\Program Files\MiKTeX 2.9\tex/latex/geometry\geometry.sty"
Package: geometry 2018/04/16 v5.8 Page Geometry
\Gm@cnth=\count114
\Gm@cntv=\count115
\c@Gm@tempcnt=\count116
\Gm@bindingoffset=\dimen117
\Gm@wd@mp=\dimen118
\Gm@odd@mp=\dimen119
\Gm@even@mp=\dimen120
\Gm@layoutwidth=\dimen121
\Gm@layoutheight=\dimen122
\Gm@layouthoffset=\dimen123
\Gm@layoutvoffset=\dimen124
\Gm@dimlist=\toks24

("C:\Program Files\MiKTeX 2.9\tex/latex/geometry\geometry.cfg"))
(C:\Users\Charlie\AppData\Roaming\MiKTeX\2.9\tex/latex/fancyvrb\fancyvrb.sty
Package: fancyvrb 2019/11/09

Style option: `fancyvrb' v3.4 <2019/11/09> (tvz)
\FV@CodeLineNo=\count117
\FV@InFile=\read1
\FV@TabBox=\box29
\c@FancyVerbLine=\count118
\FV@StepNumber=\count119
\FV@OutFile=\write3
)
(C:\Users\Charlie\AppData\Roaming\MiKTeX\2.9\tex/latex/framed\framed.sty
Package: framed 2011/10/22 v 0.96: framed or shaded text with page breaks
\OuterFrameSep=\skip48
\fb@frw=\dimen125
\fb@frh=\dimen126
\FrameRule=\dimen127
\FrameSep=\dimen128
)
("C:\Program Files\MiKTeX 2.9\tex/latex/tools\longtable.sty"
Package: longtable 2019/02/06 v4.12 Multi-page Table package (DPC)
\LTleft=\skip49
\LTright=\skip50
\LTpre=\skip51
\LTpost=\skip52
\LTchunksize=\count120
\LTcapwidth=\dimen129
\LT@head=\box30
\LT@firsthead=\box31
\LT@foot=\box32
\LT@lastfoot=\box33
\LT@cols=\count121
\LT@rows=\count122
\c@LT@tables=\count123
\c@LT@chunks=\count124
\LT@p@ftn=\toks25
)
(C:\Users\Charlie\AppData\Roaming\MiKTeX\2.9\tex/latex/booktabs\booktabs.sty
Package: booktabs 2019/10/08 v1.6180339 publication quality tables
\heavyrulewidth=\dimen130
\lightrulewidth=\dimen131
\cmidrulewidth=\dimen132
\belowrulesep=\dimen133
\belowbottomsep=\dimen134
\aboverulesep=\dimen135
\abovetopsep=\dimen136
\cmidrulesep=\dimen137
\cmidrulekern=\dimen138
\defaultaddspace=\dimen139
\@cmidla=\count125
\@cmidlb=\count126
\@aboverulesep=\dimen140
\@belowrulesep=\dimen141
\@thisruleclass=\count127
\@lastruleclass=\count128
\@thisrulewidth=\dimen142
)
(C:\Users\Charlie\AppData\Roaming\MiKTeX\2.9\tex/latex/footnotehyper\footnotehy
per.sty
Package: footnotehyper 2019/11/07 v1.1a hyperref aware footnote.sty (JFB)
\FNH@notes=\box34
\FNH@width=\dimen143
) ("C:\Program Files\MiKTeX 2.9\tex/latex/graphics\graphicx.sty"
Package: graphicx 2017/06/01 v1.1a Enhanced LaTeX Graphics (DPC,SPQR)

("C:\Program Files\MiKTeX 2.9\tex/latex/graphics\graphics.sty"
Package: graphics 2019/11/01 v1.3d Standard LaTeX Graphics (DPC,SPQR)

("C:\Program Files\MiKTeX 2.9\tex/latex/graphics\trig.sty"
Package: trig 2016/01/03 v1.10 sin cos tan (DPC)
)
("C:\Program Files\MiKTeX 2.9\tex/latex/graphics-cfg\graphics.cfg"
File: graphics.cfg 2016/06/04 v1.11 sample graphics configuration
)
Package graphics Info: Driver file: pdftex.def on input line 105.
)
\Gin@req@height=\dimen144
\Gin@req@width=\dimen145
)
(C:\Users\Charlie\AppData\Roaming\MiKTeX\2.9\tex/latex/grffile\grffile.sty
Package: grffile 2019/11/11 v2.1 Extended file name support for graphics (legac
y)
Package grffile Info: This package is an empty stub for compatibility on input 
line 40.
)
(index.aux)
\openout1 = `index.aux'.

LaTeX Font Info:    Checking defaults for OML/cmm/m/it on input line 116.
LaTeX Font Info:    ... okay on input line 116.
LaTeX Font Info:    Checking defaults for T1/cmr/m/n on input line 116.
LaTeX Font Info:    ... okay on input line 116.
LaTeX Font Info:    Checking defaults for OT1/cmr/m/n on input line 116.
LaTeX Font Info:    ... okay on input line 116.
LaTeX Font Info:    Checking defaults for OMS/cmsy/m/n on input line 116.
LaTeX Font Info:    ... okay on input line 116.
LaTeX Font Info:    Checking defaults for OMX/cmex/m/n on input line 116.
LaTeX Font Info:    ... okay on input line 116.
LaTeX Font Info:    Checking defaults for U/cmr/m/n on input line 116.
LaTeX Font Info:    ... okay on input line 116.
LaTeX Font Info:    Checking defaults for TS1/cmr/m/n on input line 116.
LaTeX Font Info:    Trying to load font information for TS1+cmr on input line 1
16.
 ("C:\Program Files\MiKTeX 2.9\tex/latex/base\ts1cmr.fd"
File: ts1cmr.fd 2014/09/29 v2.5h Standard LaTeX font definitions
)
LaTeX Font Info:    ... okay on input line 116.
LaTeX Font Info:    Checking defaults for PD1/pdf/m/n on input line 116.
LaTeX Font Info:    ... okay on input line 116.
LaTeX Font Info:    Checking defaults for PU/pdf/m/n on input line 116.
LaTeX Font Info:    ... okay on input line 116.
LaTeX Font Info:    Trying to load font information for T1+lmr on input line 11
6.

("C:\Program Files\MiKTeX 2.9\tex/latex/lm\t1lmr.fd"
File: t1lmr.fd 2009/10/30 v1.6 Font defs for Latin Modern
)
LaTeX Info: Redefining \microtypecontext on input line 116.
Package microtype Info: Generating PDF output.
Package microtype Info: Character protrusion enabled (level 2).
Package microtype Info: Using protrusion set `basicmath'.
Package microtype Info: Automatic font expansion enabled (level 2),
(microtype)             stretch: 20, shrink: 20, step: 1, non-selected.
Package microtype Info: Using default expansion set `basictext'.
LaTeX Info: Redefining \showhyphens on input line 116.
Package microtype Info: No adjustment of tracking.
Package microtype Info: No adjustment of interword spacing.
Package microtype Info: No adjustment of character kerning.

(C:\Users\Charlie\AppData\Roaming\MiKTeX\2.9\tex/latex/microtype\mt-cmr.cfg
File: mt-cmr.cfg 2013/05/19 v2.2 microtype config. file: Computer Modern Roman 
(RS)
)
(C:\Users\Charlie\AppData\Roaming\MiKTeX\2.9\tex/context/base/mkii\supp-pdf.mki
i
[Loading MPS to PDF converter (version 2006.09.02).]
\scratchcounter=\count129
\scratchdimen=\dimen146
\scratchbox=\box35
\nofMPsegments=\count130
\nofMParguments=\count131
\everyMPshowfont=\toks26
\MPscratchCnt=\count132
\MPscratchDim=\dimen147
\MPnumerator=\count133
\makeMPintoPDFobject=\count134
\everyMPtoPDFconversion=\toks27
) ("C:\Program Files\MiKTeX 2.9\tex/latex/oberdiek\epstopdf-base.sty"
Package: epstopdf-base 2016/05/15 v2.6 Base part for package epstopdf

("C:\Program Files\MiKTeX 2.9\tex/latex/oberdiek\grfext.sty"
Package: grfext 2016/05/16 v1.2 Manage graphics extensions (HO)
)
Package epstopdf-base Info: Redefining graphics rule for `.eps' on input line 4
41.
Package grfext Info: Graphics extension search list:
(grfext)             [.pdf,.png,.jpg,.mps,.jpeg,.jbig2,.jb2,.PDF,.PNG,.JPG,.JPE
G,.JBIG2,.JB2,.eps]
(grfext)             \AppendGraphicsExtensions on input line 459.
)
\AtBeginShipoutBox=\box36
Package hyperref Info: Link coloring OFF on input line 116.

("C:\Program Files\MiKTeX 2.9\tex/latex/hyperref\nameref.sty"
Package: nameref 2019/09/16 v2.46 Cross-referencing by name of section

("C:\Program Files\MiKTeX 2.9\tex/latex/oberdiek\refcount.sty"
Package: refcount 2016/05/16 v3.5 Data extraction from label references (HO)
)
("C:\Program Files\MiKTeX 2.9\tex/generic/oberdiek\gettitlestring.sty"
Package: gettitlestring 2016/05/16 v1.5 Cleanup title references (HO)
)
\c@section@level=\count135
)
LaTeX Info: Redefining \ref on input line 116.
LaTeX Info: Redefining \pageref on input line 116.
LaTeX Info: Redefining \nameref on input line 116.

*geometry* driver: auto-detecting
*geometry* detected driver: pdftex
*geometry* verbose mode - [ preamble ] result:
* driver: pdftex
* paper: <default>
* layout: <same size as paper>
* layoutoffset:(h,v)=(0.0pt,0.0pt)
* modes: 
* h-part:(L,W,R)=(72.26999pt, 469.75502pt, 72.26999pt)
* v-part:(T,H,B)=(72.26999pt, 650.43001pt, 72.26999pt)
* \paperwidth=614.295pt
* \paperheight=794.96999pt
* \textwidth=469.75502pt
* \textheight=650.43001pt
* \oddsidemargin=0.0pt
* \evensidemargin=0.0pt
* \topmargin=-37.0pt
* \headheight=12.0pt
* \headsep=25.0pt
* \topskip=10.0pt
* \footskip=30.0pt
* \marginparwidth=65.0pt
* \marginparsep=11.0pt
* \columnsep=10.0pt
* \skip\footins=9.0pt plus 4.0pt minus 2.0pt
* \hoffset=0.0pt
* \voffset=0.0pt
* \mag=1000
* \@twocolumnfalse
* \@twosidefalse
* \@mparswitchfalse
* \@reversemarginfalse
* (1in=72.27pt=25.4mm, 1cm=28.453pt)

LaTeX Font Info:    Trying to load font information for OT1+lmr on input line 1
18.
("C:\Program Files\MiKTeX 2.9\tex/latex/lm\ot1lmr.fd"
File: ot1lmr.fd 2009/10/30 v1.6 Font defs for Latin Modern
)
LaTeX Font Info:    Trying to load font information for OML+lmm on input line 1
18.

("C:\Program Files\MiKTeX 2.9\tex/latex/lm\omllmm.fd"
File: omllmm.fd 2009/10/30 v1.6 Font defs for Latin Modern
)
LaTeX Font Info:    Trying to load font information for OMS+lmsy on input line 
118.

("C:\Program Files\MiKTeX 2.9\tex/latex/lm\omslmsy.fd"
File: omslmsy.fd 2009/10/30 v1.6 Font defs for Latin Modern
)
LaTeX Font Info:    Trying to load font information for OMX+lmex on input line 
118.

("C:\Program Files\MiKTeX 2.9\tex/latex/lm\omxlmex.fd"
File: omxlmex.fd 2009/10/30 v1.6 Font defs for Latin Modern
)
LaTeX Font Info:    External font `lmex10' loaded for size
(Font)              <12> on input line 118.
LaTeX Font Info:    External font `lmex10' loaded for size
(Font)              <8> on input line 118.
LaTeX Font Info:    External font `lmex10' loaded for size
(Font)              <6> on input line 118.
LaTeX Font Info:    Trying to load font information for U+msa on input line 118
.

("C:\Program Files\MiKTeX 2.9\tex/latex/amsfonts\umsa.fd"
File: umsa.fd 2013/01/14 v3.01 AMS symbols A
)
(C:\Users\Charlie\AppData\Roaming\MiKTeX\2.9\tex/latex/microtype\mt-msa.cfg
File: mt-msa.cfg 2006/02/04 v1.1 microtype config. file: AMS symbols (a) (RS)
)
LaTeX Font Info:    Trying to load font information for U+msb on input line 118
.

("C:\Program Files\MiKTeX 2.9\tex/latex/amsfonts\umsb.fd"
File: umsb.fd 2013/01/14 v3.01 AMS symbols B
)
(C:\Users\Charlie\AppData\Roaming\MiKTeX\2.9\tex/latex/microtype\mt-msb.cfg
File: mt-msb.cfg 2005/06/01 v1.0 microtype config. file: AMS symbols (b) (RS)
)
(index.toc
LaTeX Font Info:    External font `lmex10' loaded for size
(Font)              <10> on input line 2.
LaTeX Font Info:    External font `lmex10' loaded for size
(Font)              <7> on input line 2.
LaTeX Font Info:    External font `lmex10' loaded for size
(Font)              <5> on input line 2.
 [1

{C:/Users/Charlie/AppData/Local/MiKTeX/2.9/pdftex/config/pdftex.map}])
\tf@toc=\write4
\openout4 = `index.toc'.

LaTeX Font Info:    Trying to load font information for TS1+lmr on input line 1
39.
 ("C:\Program Files\MiKTeX 2.9\tex/latex/lm\ts1lmr.fd"
File: ts1lmr.fd 2009/10/30 v1.6 Font defs for Latin Modern
) [2]

! Package inputenc Error: Unicode character ℝ (U+211D)
(inputenc)                not set up for use with LaTeX.

See the inputenc package documentation for explanation.
Type  H <return>  for immediate help.
 ...                                              
                                                  
l.261 this example, X = Y = ℝ
                               .
You may provide a definition with
\DeclareUnicodeCharacter 

<Model_representation.png, id=114, 396.48125pt x 260.975pt>
File: Model_representation.png Graphic file (type png)
<use Model_representation.png>
Package pdftex.def Info: Model_representation.png  used on input line 271.
(pdftex.def)             Requested size: 396.48631pt x 260.97833pt.
[3]
<cost_function.png, id=130, 656.4525pt x 371.3875pt>
File: cost_function.png Graphic file (type png)
<use cost_function.png>
Package pdftex.def Info: cost_function.png  used on input line 306.
(pdftex.def)             Requested size: 469.76065pt x 265.76671pt.
<Zero_cost_function.png, id=131, 412.54124pt x 225.84375pt>
File: Zero_cost_function.png Graphic file (type png)
<use Zero_cost_function.png>
Package pdftex.def Info: Zero_cost_function.png  used on input line 328.
(pdftex.def)             Requested size: 412.54652pt x 225.84662pt.
<thetapointfive.png, id=132, 407.5225pt x 226.8475pt>
File: thetapointfive.png Graphic file (type png)
<use thetapointfive.png>
Package pdftex.def Info: thetapointfive.png  used on input line 338.
(pdftex.def)             Requested size: 407.5215pt x 226.84694pt.
<cost_function_graph.png, id=133, 305.14pt x 290.08376pt>
File: cost_function_graph.png Graphic file (type png)
<use cost_function_graph.png>
Package pdftex.def Info: cost_function_graph.png  used on input line 347.
(pdftex.def)             Requested size: 305.1532pt x 290.09631pt.
<contour.png, id=134, 662.475pt x 351.3125pt>
File: contour.png Graphic file (type png)
<use contour.png>
Package pdftex.def Info: contour.png  used on input line 364.
(pdftex.def)             Requested size: 469.75403pt x 249.11197pt.
 [4 <./Model_representation.png>] [5 <./cost_function.png> <./Zero_cost_functio
n.png>] [6 <./thetapointfive.png> <./cost_function_graph.png>]
<cost_function_intution2_graph2.png, id=154, 655.44875pt x 365.365pt>
File: cost_function_intution2_graph2.png Graphic file (type png)
<use cost_function_intution2_graph2.png>
Package pdftex.def Info: cost_function_intution2_graph2.png  used on input line
 377.
(pdftex.def)             Requested size: 469.75244pt x 261.85281pt.
 [7 <./contour.png> <./cost_function_intution2_graph2.png>]
<cost_function_intution2_graph3.png, id=161, 648.4225pt x 315.1775pt>
File: cost_function_intution2_graph3.png Graphic file (type png)
<use cost_function_intution2_graph3.png>
Package pdftex.def Info: cost_function_intution2_graph3.png  used on input line
 384.
(pdftex.def)             Requested size: 469.76282pt x 228.33672pt.
<Gradient_descent_graph_1.png, id=162, 571.13374pt x 303.1325pt>
File: Gradient_descent_graph_1.png Graphic file (type png)
<use Gradient_descent_graph_1.png>
Package pdftex.def Info: Gradient_descent_graph_1.png  used on input line 410.
(pdftex.def)             Requested size: 469.75322pt x 249.3242pt.
 [8 <./cost_function_intution2_graph3.png>]

! Package inputenc Error: Unicode character α (U+03B1)
(inputenc)                not set up for use with LaTeX.

See the inputenc package documentation for explanation.
Type  H <return>  for immediate help.
 ...                                              
                                                  
l.421 α
        , which is called the learning rate.
You may provide a definition with
\DeclareUnicodeCharacter 


! Package inputenc Error: Unicode character α (U+03B1)
(inputenc)                not set up for use with LaTeX.

See the inputenc package documentation for explanation.
Type  H <return>  for immediate help.
 ...                                              
                                                  
l.424 ...nts a step determined by our parameter α
                                                  . A smaller α would
You may provide a definition with
\DeclareUnicodeCharacter 


! Package inputenc Error: Unicode character α (U+03B1)
(inputenc)                not set up for use with LaTeX.

See the inputenc package documentation for explanation.
Type  H <return>  for immediate help.
 ...                                              
                                                  
l.424 ...ermined by our parameter α. A smaller α
                                                   would
You may provide a definition with
\DeclareUnicodeCharacter 


! Package inputenc Error: Unicode character α (U+03B1)
(inputenc)                not set up for use with LaTeX.

See the inputenc package documentation for explanation.
Type  H <return>  for immediate help.
 ...                                              
                                                  
l.425 result in a smaller step and a larger α
                                               results in a larger step. The
You may provide a definition with
\DeclareUnicodeCharacter 

<Gradient_descent_graph_2.png, id=168, 659.46375pt x 136.51pt>
File: Gradient_descent_graph_2.png Graphic file (type png)
<use Gradient_descent_graph_2.png>
Package pdftex.def Info: Gradient_descent_graph_2.png  used on input line 448.
(pdftex.def)             Requested size: 469.77217pt x 97.24355pt.
[9 <./Gradient_descent_graph_1.png> <./Gradient_descent_graph_2.png>]
<Gradien_Descent_Intution_graph_1.png, id=175, 638.385pt x 365.365pt>
File: Gradien_Descent_Intution_graph_1.png Graphic file (type png)
<use Gradien_Descent_Intution_graph_1.png>
Package pdftex.def Info: Gradien_Descent_Intution_graph_1.png  used on input li
ne 466.
(pdftex.def)             Requested size: 469.75769pt x 268.85503pt.
<Gradien_Descent_Intution_graph_2.png, id=176, 665.48625pt x 366.36874pt>
File: Gradien_Descent_Intution_graph_2.png Graphic file (type png)
<use Gradien_Descent_Intution_graph_2.png>
Package pdftex.def Info: Gradien_Descent_Intution_graph_2.png  used on input li
ne 473.
(pdftex.def)             Requested size: 469.75682pt x 258.61423pt.
 [10 <./Gradien_Descent_Intution_graph_1.png>]
<Gradien_Descent_Intution_graph_3.png, id=182, 656.4525pt x 363.3575pt>
File: Gradien_Descent_Intution_graph_3.png Graphic file (type png)
<use Gradien_Descent_Intution_graph_3.png>
Package pdftex.def Info: Gradien_Descent_Intution_graph_3.png  used on input li
ne 483.
(pdftex.def)             Requested size: 469.76065pt x 260.0204pt.
 [11 <./Gradien_Descent_Intution_graph_2.png> <./Gradien_Descent_Intution_graph
_3.png>]

! Package amsmath Error: \begin{align*} allowed only in paragraph mode.

See the amsmath package documentation for explanation.
Type  H <return>  for immediate help.
 ...                                              
                                                  
l.494 \(\begin{align*}
                       \text{repeat until convergence: } \lbrace & \newline ...

You've lost some text.  Try typing  <return>  to proceed.
If that doesn't work, type  X <return>  to quit.

<Gradient_descent_for_linear_regression_graph_1.png, id=188, 353.32pt x 190.712
5pt>
File: Gradient_descent_for_linear_regression_graph_1.png Graphic file (type png
)
<use Gradient_descent_for_linear_regression_graph_1.png>
Package pdftex.def Info: Gradient_descent_for_linear_regression_graph_1.png  us
ed on input line 510.
(pdftex.def)             Requested size: 353.32452pt x 190.71492pt.

! Package inputenc Error: Unicode character α (U+03B1)
(inputenc)                not set up for use with LaTeX.

See the inputenc package documentation for explanation.
Type  H <return>  for immediate help.
 ...                                              
                                                  
l.525 converges (assuming the learning rate α
                                               is not too large) to the global
You may provide a definition with
\DeclareUnicodeCharacter 

<Gradient_descent_for_linear_regression_graph_2.png, id=189, 317.185pt x 240.9p
t>
File: Gradient_descent_for_linear_regression_graph_2.png Graphic file (type png
)
<use Gradient_descent_for_linear_regression_graph_2.png>
Package pdftex.def Info: Gradient_descent_for_linear_regression_graph_2.png  us
ed on input line 529.
(pdftex.def)             Requested size: 317.19388pt x 240.90674pt.
[12 <./Gradient_descent_for_linear_regression_graph_1.png>]

! Package inputenc Error: Unicode character θ (U+03B8)
(inputenc)                not set up for use with LaTeX.

See the inputenc package documentation for explanation.
Type  H <return>  for immediate help.
 ...                                              
                                                  
l.534 successive values of θ
                              that gradient descent went through as it
You may provide a definition with
\DeclareUnicodeCharacter 

[13 <./Gradient_descent_for_linear_regression_graph_2.png>]
LaTeX Font Info:    Trying to load font information for T1+lmtt on input line 6
06.

("C:\Program Files\MiKTeX 2.9\tex/latex/lm\t1lmtt.fd"
File: t1lmtt.fd 2009/10/30 v1.6 Font defs for Latin Modern
)
LaTeX Font Info:    Font shape `T1/lmtt/bx/n' in size <10> not available
(Font)              Font shape `T1/lmtt/b/n' tried instead on input line 608.
LaTeX Font Info:    Trying to load font information for TS1+lmtt on input line 
622.

("C:\Program Files\MiKTeX 2.9\tex/latex/lm\ts1lmtt.fd"
File: ts1lmtt.fd 2009/10/30 v1.6 Font defs for Latin Modern
) [14] [15] [16]
Overfull \hbox (23.28627pt too wide) in paragraph at lines 807--808
[]$[] \OMS/lmsy/m/n/10  [] \OT1/lmr/m/n/10 (-20) = []$ 
 []


! Package inputenc Error: Unicode character ∗ (U+2217)
(inputenc)                not set up for use with LaTeX.

See the inputenc package documentation for explanation.
Type  H <return>  for immediate help.
 ...                                              
                                                  
l.860   Matrices are not commutative: \(A∗
                                            B \neq B∗A\)
You may provide a definition with
\DeclareUnicodeCharacter 


! Package inputenc Error: Unicode character ∗ (U+2217)
(inputenc)                not set up for use with LaTeX.

See the inputenc package documentation for explanation.
Type  H <return>  for immediate help.
 ...                                              
                                                  
l.860 ...es are not commutative: \(A∗B \neq B∗
                                                  A\)
You may provide a definition with
\DeclareUnicodeCharacter 


! Package inputenc Error: Unicode character ∗ (U+2217)
(inputenc)                not set up for use with LaTeX.

See the inputenc package documentation for explanation.
Type  H <return>  for immediate help.
 ...                                              
                                                  
l.862   Matrices are associative: \((A∗
                                         B)∗C = A∗(B∗C)\)
You may provide a definition with
\DeclareUnicodeCharacter 


! Package inputenc Error: Unicode character ∗ (U+2217)
(inputenc)                not set up for use with LaTeX.

See the inputenc package documentation for explanation.
Type  H <return>  for immediate help.
 ...                                              
                                                  
l.862   Matrices are associative: \((A∗B)∗
                                              C = A∗(B∗C)\)
You may provide a definition with
\DeclareUnicodeCharacter 


! Package inputenc Error: Unicode character ∗ (U+2217)
(inputenc)                not set up for use with LaTeX.

See the inputenc package documentation for explanation.
Type  H <return>  for immediate help.
 ...                                              
                                                  
l.862 ...ces are associative: \((A∗B)∗C = A∗
                                                  (B∗C)\)
You may provide a definition with
\DeclareUnicodeCharacter 


! Package inputenc Error: Unicode character ∗ (U+2217)
(inputenc)                not set up for use with LaTeX.

See the inputenc package documentation for explanation.
Type  H <return>  for immediate help.
 ...                                              
                                                  
l.862 ...re associative: \((A∗B)∗C = A∗(B∗
                                                  C)\)
You may provide a definition with
\DeclareUnicodeCharacter 

[17]

! Package inputenc Error: Unicode character ∗ (U+2217)
(inputenc)                not set up for use with LaTeX.

See the inputenc package documentation for explanation.
Type  H <return>  for immediate help.
 ...                                              
                                                  
l.872 ...e identity matrix after some matrix (A∗
                                                  I), the square
You may provide a definition with
\DeclareUnicodeCharacter 


! Package inputenc Error: Unicode character ∗ (U+2217)
(inputenc)                not set up for use with LaTeX.

See the inputenc package documentation for explanation.
Type  H <return>  for immediate help.
 ...                                              
                                                  
l.875 matrix (I∗
                  A), the square identity matrix's dimension should match the
You may provide a definition with
\DeclareUnicodeCharacter 

[18]
LaTeX Font Info:    Font shape `TS1/lmtt/bx/n' in size <10> not available
(Font)              Font shape `TS1/lmtt/b/n' tried instead on input line 974.
 [19]

! Package amsmath Error: \begin{align*} allowed only in paragraph mode.

See the amsmath package documentation for explanation.
Type  H <return>  for immediate help.
 ...                                              
                                                  
l.1023 \(\begin{align*}
                       x_j^{(i)} &= \text{value of feature } j \text{ in the...

You've lost some text.  Try typing  <return>  to proceed.
If that doesn't work, type  X <return>  to quit.


! Package amsmath Error: \begin{align*} allowed only in paragraph mode.

See the amsmath package documentation for explanation.
Type  H <return>  for immediate help.
 ...                                              
                                                  
l.1039 \(\begin{align*}
                       h_\theta(x) =\begin{bmatrix}\theta_0 \hspace{2em} \th...

You've lost some text.  Try typing  <return>  to proceed.
If that doesn't work, type  X <return>  to quit.


! Package amsmath Error: \begin{align*} allowed only in paragraph mode.

See the amsmath package documentation for explanation.
Type  H <return>  for immediate help.
 ...                                              
                                                  
l.1057 \(\begin{align*}
                        & \text{repeat until convergence:} \; \lbrace \newli...

You've lost some text.  Try typing  <return>  to proceed.
If that doesn't work, type  X <return>  to quit.


! Package amsmath Error: \begin{align*} allowed only in paragraph mode.

See the amsmath package documentation for explanation.
Type  H <return>  for immediate help.
 ...                                              
                                                  
l.1061 \(\begin{align*}
                       & \text{repeat until convergence:} \; \lbrace \newlin...

You've lost some text.  Try typing  <return>  to proceed.
If that doesn't work, type  X <return>  to quit.

<Gradient Descent for Multiple Variables graph 1.png, id=241, 583.17876pt x 318
.18875pt>
File: Gradient Descent for Multiple Variables graph 1.png Graphic file (type pn
g)
<use Gradient Descent for Multiple Variables graph 1.png>
Package pdftex.def Info: Gradient Descent for Multiple Variables graph 1.png  u
sed on input line 1068.
(pdftex.def)             Requested size: 469.76492pt x 256.3089pt.

! Package inputenc Error: Unicode character θ (U+03B8)
(inputenc)                not set up for use with LaTeX.

See the inputenc package documentation for explanation.
Type  H <return>  for immediate help.
 ...                                              
                                                  
l.1090 roughly the same range. This is because θ
                                                  will descend quickly on small

You may provide a definition with
\DeclareUnicodeCharacter 

[20]

! Package inputenc Error: Unicode character − (U+2212)
(inputenc)                not set up for use with LaTeX.

See the inputenc package documentation for explanation.
Type  H <return>  for immediate help.
 ...                                              
                                                  
l.1097 \(−
            1 ≤ x_{(i)} ≤ 1\)
You may provide a definition with
\DeclareUnicodeCharacter 


! Package inputenc Error: Unicode character ≤ (U+2264)
(inputenc)                not set up for use with LaTeX.

See the inputenc package documentation for explanation.
Type  H <return>  for immediate help.
 ...                                              
                                                  
l.1097 \(−1 ≤
                  x_{(i)} ≤ 1\)
You may provide a definition with
\DeclareUnicodeCharacter 


! Package inputenc Error: Unicode character ≤ (U+2264)
(inputenc)                not set up for use with LaTeX.

See the inputenc package documentation for explanation.
Type  H <return>  for immediate help.
 ...                                              
                                                  
l.1097 \(−1 ≤ x_{(i)} ≤
                              1\)
You may provide a definition with
\DeclareUnicodeCharacter 


! Package inputenc Error: Unicode character − (U+2212)
(inputenc)                not set up for use with LaTeX.

See the inputenc package documentation for explanation.
Type  H <return>  for immediate help.
 ...                                              
                                                  
l.1101 \(−
            0.5 ≤ x_{(i)} ≤ 0.5\)
You may provide a definition with
\DeclareUnicodeCharacter 


! Package inputenc Error: Unicode character ≤ (U+2264)
(inputenc)                not set up for use with LaTeX.

See the inputenc package documentation for explanation.
Type  H <return>  for immediate help.
 ...                                              
                                                  
l.1101 \(−0.5 ≤
                    x_{(i)} ≤ 0.5\)
You may provide a definition with
\DeclareUnicodeCharacter 


! Package inputenc Error: Unicode character ≤ (U+2264)
(inputenc)                not set up for use with LaTeX.

See the inputenc package documentation for explanation.
Type  H <return>  for immediate help.
 ...                                              
                                                  
l.1101 \(−0.5 ≤ x_{(i)} ≤
                                0.5\)
You may provide a definition with
\DeclareUnicodeCharacter 

[21 <./Gradient Descent for Multiple Variables graph 1.png>]

! Package inputenc Error: Unicode character θ (U+03B8)
(inputenc)                not set up for use with LaTeX.

See the inputenc package documentation for explanation.
Type  H <return>  for immediate help.
 ...                                              
                                                  
l.1135 ...x-axis. Now plot the cost function, J(θ
                                                  ) over the
You may provide a definition with
\DeclareUnicodeCharacter 


! Package inputenc Error: Unicode character θ (U+03B8)
(inputenc)                not set up for use with LaTeX.

See the inputenc package documentation for explanation.
Type  H <return>  for immediate help.
 ...                                              
                                                  
l.1136 ... iterations of gradient descent. If J(θ
                                                  ) ever increases, then
You may provide a definition with
\DeclareUnicodeCharacter 


! Package inputenc Error: Unicode character α (U+03B1)
(inputenc)                not set up for use with LaTeX.

See the inputenc package documentation for explanation.
Type  H <return>  for immediate help.
 ...                                              
                                                  
l.1137 you probably need to decrease α
                                       .
You may provide a definition with
\DeclareUnicodeCharacter 


! Package inputenc Error: Unicode character θ (U+03B8)
(inputenc)                not set up for use with LaTeX.

See the inputenc package documentation for explanation.
Type  H <return>  for immediate help.
 ...                                              
                                                  
l.1139 ...gence test}. Declare convergence if J(θ
                                                  )
You may provide a definition with
\DeclareUnicodeCharacter 


! Package inputenc Error: Unicode character − (U+2212)
(inputenc)                not set up for use with LaTeX.

See the inputenc package documentation for explanation.
Type  H <return>  for immediate help.
 ...                                              
                                                  
l.1141 such as \(10^{−
                        3}\). However in practice it's difficult to choose this

You may provide a definition with
\DeclareUnicodeCharacter 

<Gradient Descent in Practice II - Learning Rate graph1.png, id=257, 521.95pt x
 285.065pt>
File: Gradient Descent in Practice II - Learning Rate graph1.png Graphic file (
type png)
<use Gradient Descent in Practice II - Learning Rate graph1.png>
Package pdftex.def Info: Gradient Descent in Practice II - Learning Rate graph1
.png  used on input line 1144.
(pdftex.def)             Requested size: 469.75862pt x 256.56047pt.

! Package inputenc Error: Unicode character α (U+03B1)
(inputenc)                not set up for use with LaTeX.

See the inputenc package documentation for explanation.
Type  H <return>  for immediate help.
 ...                                              
                                                  
l.1146 It has been proven that if learning rate α
                                                   is sufficiently small, then
You may provide a definition with
\DeclareUnicodeCharacter 


! Package inputenc Error: Unicode character θ (U+03B8)
(inputenc)                not set up for use with LaTeX.

See the inputenc package documentation for explanation.
Type  H <return>  for immediate help.
 ...                                              
                                                  
l.1147 J(θ
           ) will decrease on every iteration.
You may provide a definition with
\DeclareUnicodeCharacter 

<Gradient Descent in Practice II - Learning Rate graph2.png, id=258, 513.92pt x
 278.03876pt>
File: Gradient Descent in Practice II - Learning Rate graph2.png Graphic file (
type png)
<use Gradient Descent in Practice II - Learning Rate graph2.png>
Package pdftex.def Info: Gradient Descent in Practice II - Learning Rate graph2
.png  used on input line 1149.
(pdftex.def)             Requested size: 469.76167pt x 254.1484pt.
[22 <./Gradient Descent in Practice II - Learning Rate graph1.png>]

! Package inputenc Error: Unicode character ⋅ (U+22C5)
(inputenc)                not set up for use with LaTeX.

See the inputenc package documentation for explanation.
Type  H <return>  for immediate help.
 ...                                              
                                                  
l.1167 \(x_1⋅
               x_2\).
You may provide a definition with
\DeclareUnicodeCharacter 

[23 <./Gradient Descent in Practice II - Learning Rate graph2.png>]

LaTeX Warning: File `index_files/figure-latex/unnamed-chunk-7-1.pdf' not found 
on input line 1211.


! Package pdftex.def Error: File `index_files/figure-latex/unnamed-chunk-7-1.pd
f' not found: using draft setting.

See the pdftex.def package documentation for explanation.
Type  H <return>  for immediate help.
 ...                                              
                                                  
l.1211 ...iles/figure-latex/unnamed-chunk-7-1.pdf}
                                                  
Try typing  <return>  to proceed.
If that doesn't work, type  X <return>  to quit.


LaTeX Warning: File `index_files/figure-latex/unnamed-chunk-7-2.pdf' not found 
on input line 1219.


! Package pdftex.def Error: File `index_files/figure-latex/unnamed-chunk-7-2.pd
f' not found: using draft setting.

See the pdftex.def package documentation for explanation.
Type  H <return>  for immediate help.
 ...                                              
                                                  
l.1219 ...iles/figure-latex/unnamed-chunk-7-2.pdf}
                                                  
Try typing  <return>  to proceed.
If that doesn't work, type  X <return>  to quit.


! Package inputenc Error: Unicode character θ (U+03B8)
(inputenc)                not set up for use with LaTeX.

See the inputenc package documentation for explanation.
Type  H <return>  for immediate help.
 ...                                              
                                                  
l.1228 respect to the \(θ
                          _j’\)s, and setting them to zero. This allows us to

You may provide a definition with
\DeclareUnicodeCharacter 


LaTeX Warning: Command \textquoteright invalid in math mode on input line 1228.


<Normal Equation graph 1.png, id=274, 604.2575pt x 338.26375pt>
File: Normal Equation graph 1.png Graphic file (type png)
<use Normal Equation graph 1.png>
Package pdftex.def Info: Normal Equation graph 1.png  used on input line 1236.
(pdftex.def)             Requested size: 469.75153pt x 262.9672pt.
[24 <./Normal Equation graph 1.png>]

! Package inputenc Error: Unicode character ≤ (U+2264)
(inputenc)                not set up for use with LaTeX.

See the inputenc package documentation for explanation.
Type  H <return>  for immediate help.
 ...                                              
                                                  
l.1310   Too many features (e.g.~m ≤
                                       n). In this case, delete some feature...

You may provide a definition with
\DeclareUnicodeCharacter 

[25] [26] [27] [28]

! Package inputenc Error: Unicode character ∈ (U+2208)
(inputenc)                not set up for use with LaTeX.

See the inputenc package documentation for explanation.
Type  H <return>  for immediate help.
 ...                                              
                                                  
l.1692 \(y∈
             {\{0,1\}}\). 0 is also called the negative class, and 1 the pos...

You may provide a definition with
\DeclareUnicodeCharacter 


! Package inputenc Error: Unicode character ∈ (U+2208)
(inputenc)                not set up for use with LaTeX.

See the inputenc package documentation for explanation.
Type  H <return>  for immediate help.
 ...                                              
                                                  
l.1706 know that \(y ∈
                         {\{0, 1\}}\). To fix this, let's change the form fo...

You may provide a definition with
\DeclareUnicodeCharacter 


! Package amsmath Error: \begin{align*} allowed only in paragraph mode.

See the amsmath package documentation for explanation.
Type  H <return>  for immediate help.
 ...                                              
                                                  
l.1714 \(\begin{align*}
                       & h_\theta (x) = g ( \theta^T x ) \newline \newline& ...

You've lost some text.  Try typing  <return>  to proceed.
If that doesn't work, type  X <return>  to quit.

<Sigmoid_function.png, id=303, 829.0975pt x 128.48pt>
File: Sigmoid_function.png Graphic file (type png)
<use Sigmoid_function.png>
Package pdftex.def Info: Sigmoid_function.png  used on input line 1718.
(pdftex.def)             Requested size: 469.74402pt x 72.79324pt.
[29 <./Sigmoid_function.png>]

! Package amsmath Error: \begin{align*} allowed only in paragraph mode.

See the amsmath package documentation for explanation.
Type  H <return>  for immediate help.
 ...                                              
                                                  
l.1730 \(\begin{align*}
                       & h_\theta(x) = P(y=1 | x ; \theta) = 1 - P(y=0 | x ;...

You've lost some text.  Try typing  <return>  to proceed.
If that doesn't work, type  X <return>  to quit.


! Package amsmath Error: \begin{align*} allowed only in paragraph mode.

See the amsmath package documentation for explanation.
Type  H <return>  for immediate help.
 ...                                              
                                                  
l.1738 \(\begin{align*}
                       & h_\theta(x) \geq 0.5 \rightarrow y = 1 \newline& h_...

You've lost some text.  Try typing  <return>  to proceed.
If that doesn't work, type  X <return>  to quit.


! Package amsmath Error: \begin{align*} allowed only in paragraph mode.

See the amsmath package documentation for explanation.
Type  H <return>  for immediate help.
 ...                                              
                                                  
l.1744 \(\begin{align*}
                       & g(z) \geq 0.5 \newline& when \; z \geq 0\end{align*}\)

You've lost some text.  Try typing  <return>  to proceed.
If that doesn't work, type  X <return>  to quit.


! Package amsmath Error: \begin{align*} allowed only in paragraph mode.

See the amsmath package documentation for explanation.
Type  H <return>  for immediate help.
 ...                                              
                                                  
l.1748 \(\begin{align*}
                       z=0, e^{0}=1 \Rightarrow g(z)=1/2\newline z \to \inft...

You've lost some text.  Try typing  <return>  to proceed.
If that doesn't work, type  X <return>  to quit.


! Package amsmath Error: \begin{align*} allowed only in paragraph mode.

See the amsmath package documentation for explanation.
Type  H <return>  for immediate help.
 ...                                              
                                                  
l.1752 \(\begin{align*}
                       & h_\theta(x) = g(\theta^T x) \geq 0.5 \newline& when...

You've lost some text.  Try typing  <return>  to proceed.
If that doesn't work, type  X <return>  to quit.


! Package amsmath Error: \begin{align*} allowed only in paragraph mode.

See the amsmath package documentation for explanation.
Type  H <return>  for immediate help.
 ...                                              
                                                  
l.1756 \(\begin{align*}
                       & \theta^T x \geq 0 \Rightarrow y = 1 \newline& \thet...

You've lost some text.  Try typing  <return>  to proceed.
If that doesn't work, type  X <return>  to quit.


! Package amsmath Error: \begin{align*} allowed only in paragraph mode.

See the amsmath package documentation for explanation.
Type  H <return>  for immediate help.
 ...                                              
                                                  
l.1763 \(\begin{align*}
                       & \theta = \begin{bmatrix}5 \newline -1 \newline 0\en...

You've lost some text.  Try typing  <return>  to proceed.
If that doesn't work, type  X <return>  to quit.


! Package amsmath Error: \begin{align*} allowed only in paragraph mode.

See the amsmath package documentation for explanation.
Type  H <return>  for immediate help.
 ...                                              
                                                  
l.1784 \(\begin{align*}
                       & J(\theta) = \dfrac{1}{m} \sum_{i=1}^m \mathrm{Cost}...

You've lost some text.  Try typing  <return>  to proceed.
If that doesn't work, type  X <return>  to quit.

<LR_cost.png, id=311, 180.675pt x 146.949pt>
File: LR_cost.png Graphic file (type png)
<use LR_cost.png>
Package pdftex.def Info: LR_cost.png  used on input line 1789.
(pdftex.def)             Requested size: 180.67455pt x 146.94864pt.
[30]
<L.png, id=318, 180.07275pt x 168.63pt>
File: L.png Graphic file (type png)
<use L.png>
Package pdftex.def Info: L.png  used on input line 1792.
(pdftex.def)             Requested size: 180.07506pt x 168.63214pt.


! Package amsmath Error: \begin{align*} allowed only in paragraph mode.

See the amsmath package documentation for explanation.
Type  H <return>  for immediate help.
 ...                                              
                                                  
l.1793 \(\begin{align*}
                       & \mathrm{Cost}(h_\theta(x),y) = 0 \text{ if } h_\the...

You've lost some text.  Try typing  <return>  to proceed.
If that doesn't work, type  X <return>  to quit.


! Package inputenc Error: Unicode character θ (U+03B8)
(inputenc)                not set up for use with LaTeX.

See the inputenc package documentation for explanation.
Type  H <return>  for immediate help.
 ...                                              
                                                  
l.1803 ...unction in this way guarantees that J(θ
                                                  ) is
You may provide a definition with
\DeclareUnicodeCharacter 


! Package amsmath Error: \begin{align*} allowed only in paragraph mode.

See the amsmath package documentation for explanation.
Type  H <return>  for immediate help.
 ...                                              
                                                  
l.1826 \(\begin{align*}
                        & h = g(X\theta)\newline & J(\theta) = \frac{1}{m} \...

You've lost some text.  Try typing  <return>  to proceed.
If that doesn't work, type  X <return>  to quit.


! Package amsmath Error: \begin{align*} allowed only in paragraph mode.

See the amsmath package documentation for explanation.
Type  H <return>  for immediate help.
 ...                                              
                                                  
l.1834 \(\begin{align*}
                       & Repeat \; \lbrace \newline & \; \theta_j := \theta_...

You've lost some text.  Try typing  <return>  to proceed.
If that doesn't work, type  X <return>  to quit.

[31 <./LR_cost.png> <./L.png>]

! Package amsmath Error: \begin{align*} allowed only in paragraph mode.

See the amsmath package documentation for explanation.
Type  H <return>  for immediate help.
 ...                                              
                                                  
l.1838 \(\begin{align*}
                        & Repeat \; \lbrace \newline & \; \theta_j := \theta...

You've lost some text.  Try typing  <return>  to proceed.
If that doesn't work, type  X <return>  to quit.


! Package inputenc Error: Unicode character θ (U+03B8)
(inputenc)                not set up for use with LaTeX.

See the inputenc package documentation for explanation.
Type  H <return>  for immediate help.
 ...                                              
                                                  
l.1850 J(θ)}\label{partial-derivative-of-jux3b8}}
                                                  
You may provide a definition with
\DeclareUnicodeCharacter 


! Package inputenc Error: Unicode character θ (U+03B8)
(inputenc)                not set up for use with LaTeX.

See the inputenc package documentation for explanation.
Type  H <return>  for immediate help.
 ...                                              
                                                  
l.1853 finding partial derivative of J(θ
                                         )):
You may provide a definition with
\DeclareUnicodeCharacter 


! Package amsmath Error: \begin{align*} allowed only in paragraph mode.

See the amsmath package documentation for explanation.
Type  H <return>  for immediate help.
 ...                                              
                                                  
l.1855 \(\begin{align*}
                       \sigma(x)'&=\left(\frac{1}{1+e^{-x}}\right)'=\frac{-(...

You've lost some text.  Try typing  <return>  to proceed.
If that doesn't work, type  X <return>  to quit.


! Package amsmath Error: \begin{align*} allowed only in paragraph mode.

See the amsmath package documentation for explanation.
Type  H <return>  for immediate help.
 ...                                              
                                                  
l.1859 \(\begin{align*}
                       \frac{\partial}{\partial \theta_j} J(\theta) &= \frac...

You've lost some text.  Try typing  <return>  to proceed.
If that doesn't work, type  X <return>  to quit.


! Package inputenc Error: Unicode character θ (U+03B8)
(inputenc)                not set up for use with LaTeX.

See the inputenc package documentation for explanation.
Type  H <return>  for immediate help.
 ...                                              
                                                  
l.1869 faster ways to optimize θ
                                  that can be used instead of gradient descent.

You may provide a definition with
\DeclareUnicodeCharacter 


! Package inputenc Error: Unicode character θ (U+03B8)
(inputenc)                not set up for use with LaTeX.

See the inputenc package documentation for explanation.
Type  H <return>  for immediate help.
 ...                                              
                                                  
l.1876 functions for a given input value θ
                                           :
You may provide a definition with
\DeclareUnicodeCharacter 


! Package amsmath Error: \begin{align*} allowed only in paragraph mode.

See the amsmath package documentation for explanation.
Type  H <return>  for immediate help.
 ...                                              
                                                  
l.1878 \(\begin{align*}
                        & J(\theta) \newline \newline & \dfrac{\partial}{\pa...

You've lost some text.  Try typing  <return>  to proceed.
If that doesn't work, type  X <return>  to quit.


Overfull \hbox (23.74355pt too wide) in paragraph at lines 1897--1897
[]            \T1/lmtt/m/n/10 [optTheta, functionVal, exitFlag] = fminunc(@cost
Function, initialTheta, options);[] 
 []


! Package amsmath Error: \begin{align*} allowed only in paragraph mode.

See the amsmath package documentation for explanation.
Type  H <return>  for immediate help.
 ...                                              
                                                  
l.1915 \(\begin{align*}
                       & y \in \lbrace0, 1 ... n\rbrace \newline& h_\theta^{...

You've lost some text.  Try typing  <return>  to proceed.
If that doesn't work, type  X <return>  to quit.

[32]
<multi_class_logreg.png, id=335, 474.77374pt x 262.9825pt>
File: multi_class_logreg.png Graphic file (type png)
<use multi_class_logreg.png>
Package pdftex.def Info: multi_class_logreg.png  used on input line 1924.
(pdftex.def)             Requested size: 469.7739pt x 260.21301pt.


! Package inputenc Error: Unicode character ∈ (U+2208)
(inputenc)                not set up for use with LaTeX.

See the inputenc package documentation for explanation.
Type  H <return>  for immediate help.
 ...                                              
                                                  
l.1936 ...r the problem of predicting y from x ∈
                                                   R. The leftmost figure
You may provide a definition with
\DeclareUnicodeCharacter 


! Package inputenc Error: Unicode character θ (U+03B8)
(inputenc)                not set up for use with LaTeX.

See the inputenc package documentation for explanation.
Type  H <return>  for immediate help.
 ...                                              
                                                  
l.1937 ...w shows the result of fitting a \(y = θ
                                                  _0 + θ_1x\) to a dataset. We

You may provide a definition with
\DeclareUnicodeCharacter 


! Package inputenc Error: Unicode character θ (U+03B8)
(inputenc)                not set up for use with LaTeX.

See the inputenc package documentation for explanation.
Type  H <return>  for immediate help.
 ...                                              
                                                  
l.1937 ... the result of fitting a \(y = θ_0 + θ
                                                  _1x\) to a dataset. We
You may provide a definition with
\DeclareUnicodeCharacter 

<Overfitting.png, id=336, 542.025pt x 150.5625pt>
File: Overfitting.png Graphic file (type png)
<use Overfitting.png>
Package pdftex.def Info: Overfitting.png  used on input line 1941.
(pdftex.def)             Requested size: 469.77148pt x 130.49207pt.
[33 <./multi_class_logreg.png> <./Overfitting.png>]
<RegCostFunc.png, id=342, 595.22375pt x 326.21875pt>
File: RegCostFunc.png Graphic file (type png)
<use RegCostFunc.png>
Package pdftex.def Info: RegCostFunc.png  used on input line 2029.
(pdftex.def)             Requested size: 469.74933pt x 257.45114pt.
 [34]

! Package inputenc Error: Unicode character λ (U+03BB)
(inputenc)                not set up for use with LaTeX.

See the inputenc package documentation for explanation.
Type  H <return>  for immediate help.
 ...                                              
                                                  
l.2036 The λ
             , or lambda, is the regularization parameter. It determines how
You may provide a definition with
\DeclareUnicodeCharacter 


! Package amsmath Error: \begin{align*} allowed only in paragraph mode.

See the amsmath package documentation for explanation.
Type  H <return>  for immediate help.
 ...                                              
                                                  
l.2059 \(\begin{align*}
                        & \text{Repeat}\ \lbrace \newline & \ \ \ \ \theta_0...

You've lost some text.  Try typing  <return>  to proceed.
If that doesn't work, type  X <return>  to quit.

[35 <./RegCostFunc.png>]

! Package amsmath Error: \begin{align*} allowed only in paragraph mode.

See the amsmath package documentation for explanation.
Type  H <return>  for immediate help.
 ...                                              
                                                  
l.2080 \(\begin{align*}
                       & \theta = \left( X^TX + \lambda \cdot L \right)^{-1}...

You've lost some text.  Try typing  <return>  to proceed.
If that doesn't work, type  X <return>  to quit.


! Package inputenc Error: Unicode character λ (U+03BB)
(inputenc)                not set up for use with LaTeX.

See the inputenc package documentation for explanation.
Type  H <return>  for immediate help.
 ...                                              
                                                  
l.2085 with a single real number λ
                                   .
You may provide a definition with
\DeclareUnicodeCharacter 


! Package inputenc Error: Unicode character λ (U+03BB)
(inputenc)                not set up for use with LaTeX.

See the inputenc package documentation for explanation.
Type  H <return>  for immediate help.
 ...                                              
                                                  
l.2088 However, when we add the term λ
                                       ⋅L, then \(X^TX + λ⋅L\) becomes
You may provide a definition with
\DeclareUnicodeCharacter 


! Package inputenc Error: Unicode character ⋅ (U+22C5)
(inputenc)                not set up for use with LaTeX.

See the inputenc package documentation for explanation.
Type  H <return>  for immediate help.
 ...                                              
                                                  
l.2088 However, when we add the term λ⋅
                                          L, then \(X^TX + λ⋅L\) becomes
You may provide a definition with
\DeclareUnicodeCharacter 


! Package inputenc Error: Unicode character λ (U+03BB)
(inputenc)                not set up for use with LaTeX.

See the inputenc package documentation for explanation.
Type  H <return>  for immediate help.
 ...                                              
                                                  
l.2088 ...we add the term λ⋅L, then \(X^TX + λ
                                                  ⋅L\) becomes
You may provide a definition with
\DeclareUnicodeCharacter 


! Package inputenc Error: Unicode character ⋅ (U+22C5)
(inputenc)                not set up for use with LaTeX.

See the inputenc package documentation for explanation.
Type  H <return>  for immediate help.
 ...                                              
                                                  
l.2088 ...add the term λ⋅L, then \(X^TX + λ⋅
                                                  L\) becomes
You may provide a definition with
\DeclareUnicodeCharacter 

<RegLogReg.png, id=359, 493.845pt x 266.9975pt>
File: RegLogReg.png Graphic file (type png)
<use RegLogReg.png>
Package pdftex.def Info: RegLogReg.png  used on input line 2101.
(pdftex.def)             Requested size: 469.75291pt x 253.97209pt.

LaTeX Font Warning: Command \large invalid in math mode on input line 2108.


LaTeX Font Warning: Command \large invalid in math mode on input line 2108.


LaTeX Font Warning: Command \large invalid in math mode on input line 2112.


LaTeX Font Warning: Command \large invalid in math mode on input line 2112.


! Package inputenc Error: Unicode character θ (U+03B8)
(inputenc)                not set up for use with LaTeX.

See the inputenc package documentation for explanation.
Type  H <return>  for immediate help.
 ...                                              
                                                  
l.2115 ...the bias term, \(\theta_0\). I.e. the θ
                                                   vector is indexed from
You may provide a definition with
\DeclareUnicodeCharacter 

<RegLogReg2.png, id=360, 483.8075pt x 233.87375pt>
File: RegLogReg2.png Graphic file (type png)
<use RegLogReg2.png>
Package pdftex.def Info: RegLogReg2.png  used on input line 2121.
(pdftex.def)             Requested size: 469.77257pt x 227.0892pt.
[36 <./RegLogReg.png>]
Overfull \hbox (58.33908pt too wide) detected at line 2155
[]
 []


! Package amsmath Error: \begin{align*} allowed only in paragraph mode.

See the amsmath package documentation for explanation.
Type  H <return>  for immediate help.
 ...                                              
                                                  
l.2164 \(\begin{align*}
                        a_1^{(2)} = g(\Theta_{10}^{(1)}x_0 + \Theta_{11}^{(1...

You've lost some text.  Try typing  <return>  to proceed.
If that doesn't work, type  X <return>  to quit.

[37 <./RegLogReg2.png>]
<Neural_Network.png, id=376, 706.64pt x 395.4775pt>
File: Neural_Network.png Graphic file (type png)
<use Neural_Network.png>
Package pdftex.def Info: Neural_Network.png  used on input line 2187.
(pdftex.def)             Requested size: 469.75874pt x 262.90475pt.


! Package amsmath Error: \begin{align*} allowed only in paragraph mode.

See the amsmath package documentation for explanation.
Type  H <return>  for immediate help.
 ...                                              
                                                  
l.2199 \(\begin{align*}
                        a_1^{(2)} = g(\Theta_{10}^{(1)}x_0 + \Theta_{11}^{(1...

You've lost some text.  Try typing  <return>  to proceed.
If that doesn't work, type  X <return>  to quit.


! Package amsmath Error: \begin{align*} allowed only in paragraph mode.

See the amsmath package documentation for explanation.
Type  H <return>  for immediate help.
 ...                                              
                                                  
l.2207 \(\begin{align*}
                       a_1^{(2)} = g(z_1^{(2)}) \newline a_2^{(2)} = g(z_2^{...

You've lost some text.  Try typing  <return>  to proceed.
If that doesn't work, type  X <return>  to quit.


! Package amsmath Error: \begin{align*} allowed only in paragraph mode.

See the amsmath package documentation for explanation.
Type  H <return>  for immediate help.
 ...                                              
                                                  
l.2215 \(\begin{align*}
                       x = \begin{bmatrix}x_0 \newline x_1 \newline\cdots \n...

You've lost some text.  Try typing  <return>  to proceed.
If that doesn't work, type  X <return>  to quit.

[38 <./Neural_Network.png>]

! Package amsmath Error: \begin{align*} allowed only in paragraph mode.

See the amsmath package documentation for explanation.
Type  H <return>  for immediate help.
 ...                                              
                                                  
l.2263 \(\begin{align*}
                       \begin{bmatrix}x_0 \newline x_1 \newline x_2\end{bmat...

You've lost some text.  Try typing  <return>  to proceed.
If that doesn't work, type  X <return>  to quit.


! Package amsmath Error: \begin{align*} allowed only in paragraph mode.

See the amsmath package documentation for explanation.
Type  H <return>  for immediate help.
 ...                                              
                                                  
l.2274 \(\begin{align*}
                       & h_\Theta(x) = g(-30 + 20x_1 + 20x_2) \newline \newl...

You've lost some text.  Try typing  <return>  to proceed.
If that doesn't work, type  X <return>  to quit.

<NN_example_OR.png, id=382, 589.20125pt x 280.04625pt>
File: NN_example_OR.png Graphic file (type png)
<use NN_example_OR.png>
Package pdftex.def Info: NN_example_OR.png  used on input line 2282.
(pdftex.def)             Requested size: 469.76132pt x 223.27666pt.
<NN_example_2.png, id=383, 306.14375pt x 157.58875pt>
File: NN_example_2.png Graphic file (type png)
<use NN_example_2.png>
Package pdftex.def Info: NN_example_2.png  used on input line 2282.
(pdftex.def)             Requested size: 306.157pt x 157.59555pt.
[39]

! Package inputenc Error: Unicode character Θ (U+0398)
(inputenc)                not set up for use with LaTeX.

See the inputenc package documentation for explanation.
Type  H <return>  for immediate help.
 ...                                              
                                                  
l.2288 The \(Θ
               ^{(1)}\) matrices for AND, NOR, and OR are:
You may provide a definition with
\DeclareUnicodeCharacter 


! Package amsmath Error: \begin{align*} allowed only in paragraph mode.

See the amsmath package documentation for explanation.
Type  H <return>  for immediate help.
 ...                                              
                                                  
l.2290 \(\begin{align*}
                       AND:\newline\Theta^{(1)} &=\begin{bmatrix}-30 & 20 & ...

You've lost some text.  Try typing  <return>  to proceed.
If that doesn't work, type  X <return>  to quit.


! Package amsmath Error: \begin{align*} allowed only in paragraph mode.

See the amsmath package documentation for explanation.
Type  H <return>  for immediate help.
 ...                                              
                                                  
l.2295 \(\begin{align*}
                       \begin{bmatrix}x_0 \newline x_1 \newline x_2\end{bmat...

You've lost some text.  Try typing  <return>  to proceed.
If that doesn't work, type  X <return>  to quit.


! Package inputenc Error: Unicode character Θ (U+0398)
(inputenc)                not set up for use with LaTeX.

See the inputenc package documentation for explanation.
Type  H <return>  for immediate help.
 ...                                              
                                                  
l.2298 \(Θ
           ^{(1)}\) matrix that combines the values for AND and NOR:
You may provide a definition with
\DeclareUnicodeCharacter 


! Package inputenc Error: Unicode character Θ (U+0398)
(inputenc)                not set up for use with LaTeX.

See the inputenc package documentation for explanation.
Type  H <return>  for immediate help.
 ...                                              
                                                  
l.2303 \(Θ
           ^{(2)}\) matrix that uses the value for OR:
You may provide a definition with
\DeclareUnicodeCharacter 


! Package amsmath Error: \begin{align*} allowed only in paragraph mode.

See the amsmath package documentation for explanation.
Type  H <return>  for immediate help.
 ...                                              
                                                  
l.2309 \(\begin{align*}
                       & a^{(2)} = g(\Theta^{(1)} \cdot x) \newline& a^{(3)}...

You've lost some text.  Try typing  <return>  to proceed.
If that doesn't work, type  X <return>  to quit.

<NN_example_3.png, id=390, 625.33624pt x 342.27875pt>
File: NN_example_3.png Graphic file (type png)
<use NN_example_3.png>
Package pdftex.def Info: NN_example_3.png  used on input line 2314.
(pdftex.def)             Requested size: 469.76437pt x 257.12624pt.
[40 <./NN_example_OR.png> <./NN_example_2.png>]
<Multiclass1.png, id=397, 617.30624pt x 339.2675pt>
File: Multiclass1.png Graphic file (type png)
<use Multiclass1.png>
Package pdftex.def Info: Multiclass1.png  used on input line 2325.
(pdftex.def)             Requested size: 469.76987pt x 258.18246pt.
<Multiclass2.png, id=398, 211.79124pt x 84.315pt>
File: Multiclass2.png Graphic file (type png)
<use Multiclass2.png>
Package pdftex.def Info: Multiclass2.png  used on input line 2329.
(pdftex.def)             Requested size: 211.79395pt x 84.31606pt.
 [41 <./NN_example_3.png> <./Multiclass1.png>]
<Multiclass3.png, id=404, 319.1925pt x 104.39pt>
File: Multiclass3.png Graphic file (type png)
<use Multiclass3.png>
Package pdftex.def Info: Multiclass3.png  used on input line 2334.
(pdftex.def)             Requested size: 319.19171pt x 104.38972pt.
<Neural Network cost fun.png, id=405, 702.37407pt x 384.6872pt>
File: Neural Network cost fun.png Graphic file (type png)
<use Neural Network cost fun.png>
Package pdftex.def Info: Neural Network cost fun.png  used on input line 2364.
(pdftex.def)             Requested size: 469.77367pt x 257.29297pt.
 [42 <./Multiclass2.png> <./Multiclass3.png>]

! Package amsmath Error: \begin{gather*} allowed only in paragraph mode.

See the amsmath package documentation for explanation.
Type  H <return>  for immediate help.
 ...                                              
                                                  
l.2388 \(\begin{gather*}
                         J(\Theta) = - \frac{1}{m} \sum_{i=1}^m \sum_{k=1}^K...

You've lost some text.  Try typing  <return>  to proceed.
If that doesn't work, type  X <return>  to quit.


! Package inputenc Error: Unicode character Θ (U+0398)
(inputenc)                not set up for use with LaTeX.

See the inputenc package documentation for explanation.
Type  H <return>  for immediate help.
 ...                                              
                                                  
l.2410 ... up the squares of all the individual Θ
                                                  s in
You may provide a definition with
\DeclareUnicodeCharacter 

Package atveryend Info: Empty hook `BeforeClearDocument' on input line 2416.
[43 <./Neural Network cost fun.png>]
Package atveryend Info: Empty hook `AfterLastShipout' on input line 2416.
 (index.aux)
Package atveryend Info: Executing hook `AtVeryEndDocument' on input line 2416.
Package atveryend Info: Empty hook `AtEndAfterFileList' on input line 2416.
 ) 
Here is how much of TeX's memory you used:
 14731 strings out of 492450
 217683 string characters out of 3129742
 323474 words of memory out of 3000000
 18483 multiletter control sequences out of 15000+200000
 67635 words of font info for 127 fonts, out of 3000000 for 9000
 1141 hyphenation exceptions out of 8191
 46i,13n,42p,2225b,447s stack positions out of 5000i,500n,10000p,200000b,50000s
{C:/Program Files/MiKTeX 2.9/fonts/enc/dvips/lm/lm-mathsy.enc}{C:/Program Fil
es/MiKTeX 2.9/fonts/enc/dvips/lm/lm-ts1.enc}{C:/Program Files/MiKTeX 2.9/fonts/
enc/dvips/lm/lm-ec.enc}{C:/Program Files/MiKTeX 2.9/fonts/enc/dvips/lm/lm-rm.en
c}{C:/Program Files/MiKTeX 2.9/fonts/enc/dvips/lm/lm-mathit.enc}{C:/Program Fil
es/MiKTeX 2.9/fonts/enc/dvips/lm/lm-mathex.enc}<C:/Program Files/MiKTeX 2.9/fon
ts/type1/public/lm/lmbx10.pfb><C:/Program Files/MiKTeX 2.9/fonts/type1/public/l
m/lmbx12.pfb><C:/Program Files/MiKTeX 2.9/fonts/type1/public/lm/lmex10.pfb><C:/
Program Files/MiKTeX 2.9/fonts/type1/public/lm/lmmi10.pfb><C:/Program Files/MiK
TeX 2.9/fonts/type1/public/lm/lmmi5.pfb><C:/Program Files/MiKTeX 2.9/fonts/type
1/public/lm/lmmi7.pfb><C:/Program Files/MiKTeX 2.9/fonts/type1/public/lm/lmr10.
pfb><C:/Program Files/MiKTeX 2.9/fonts/type1/public/lm/lmr12.pfb><C:/Program Fi
les/MiKTeX 2.9/fonts/type1/public/lm/lmr17.pfb><C:/Program Files/MiKTeX 2.9/fon
ts/type1/public/lm/lmr5.pfb><C:/Program Files/MiKTeX 2.9/fonts/type1/public/lm/
lmr7.pfb><C:/Program Files/MiKTeX 2.9/fonts/type1/public/lm/lmri10.pfb><C:/Prog
ram Files/MiKTeX 2.9/fonts/type1/public/lm/lmsy10.pfb><C:/Program Files/MiKTeX 
2.9/fonts/type1/public/lm/lmsy5.pfb><C:/Program Files/MiKTeX 2.9/fonts/type1/pu
blic/lm/lmsy7.pfb><C:/Program Files/MiKTeX 2.9/fonts/type1/public/lm/lmtk10.pfb
><C:/Program Files/MiKTeX 2.9/fonts/type1/public/lm/lmtt10.pfb><C:/Program File
s/MiKTeX 2.9/fonts/type1/public/lm/lmtti10.pfb><C:/Program Files/MiKTeX 2.9/fon
ts/type1/public/amsfonts/symbols/msbm10.pfb><C:/Program Files/MiKTeX 2.9/fonts/
type1/public/amsfonts/symbols/msbm7.pfb>
Output written on index.pdf (43 pages, 1877270 bytes).
PDF statistics:
 667 PDF objects out of 1000 (max. 8388607)
 175 named destinations out of 1000 (max. 500000)
 12824 words of extra memory for PDF output out of 14400 (max. 10000000)

